<?xml version="1.0" encoding="UTF-8"?>
<!-- Generated by org.testng.reporters.JUnitXMLReporter -->
<testsuite ignored="0" hostname="DESKTOP-11M8V1V" failures="1" tests="1" name="ValidatingNavigationBar" time="10.679" errors="0" timestamp="2021-11-30T11:30:21 EET">
  <testcase classname="labourAndSocialAffairs.ValidateNavigationBar" name="validateBar" time="0.037">
    <failure type="java.lang.AssertionError" message="expected [FEATURED COURSES12] but found [FEATURED COURSES]">
      <![CDATA[java.lang.AssertionError: expected [FEATURED COURSES12] but found [FEATURED COURSES]
at labourAndSocialAffairs.ValidateNavigationBar.validateBar(ValidateNavigationBar.java:34)
at java.base/java.util.ArrayList.forEach(ArrayList.java:1511)
at java.base/java.util.concurrent.FutureTask.run(FutureTask.java:264)
at java.base/java.util.concurrent.ThreadPoolExecutor.runWorker(ThreadPoolExecutor.java:1130)
at java.base/java.util.concurrent.ThreadPoolExecutor$Worker.run(ThreadPoolExecutor.java:630)
at java.base/java.lang.Thread.run(Thread.java:831)
... Removed 24 stack frames]]>
    </failure>
  </testcase> <!-- validateBar -->
</testsuite> <!-- ValidatingNavigationBar -->
