<?xml version="1.0" encoding="UTF-8"?>
<testng-results ignored="0" total="4" passed="3" failed="1" skipped="0">
  <reporter-output>
  </reporter-output>
  <suite started-at="2021-11-30T11:30:10 EET" name="Suite" finished-at="2021-11-30T11:30:34 EET" duration-ms="24270">
    <groups>
    </groups>
    <test started-at="2021-11-30T11:30:10 EET" name="validatingTitle" finished-at="2021-11-30T11:30:21 EET" duration-ms="11147">
      <class name="labourAndSocialAffairs.ValidateTitle">
        <test-method is-config="true" signature="initialize()[pri:0, instance:labourAndSocialAffairs.ValidateTitle@660e9100]" started-at="2021-11-30T11:30:10 EET" name="initialize" finished-at="2021-11-30T11:30:20 EET" duration-ms="10492" status="PASS">
          <reporter-output>
          </reporter-output>
        </test-method> <!-- initialize -->
        <test-method signature="validateTitle()[pri:0, instance:labourAndSocialAffairs.ValidateTitle@660e9100]" started-at="2021-11-30T11:30:20 EET" name="validateTitle" finished-at="2021-11-30T11:30:21 EET" duration-ms="563" status="PASS">
          <reporter-output>
          </reporter-output>
        </test-method> <!-- validateTitle -->
        <test-method is-config="true" signature="tearDown()[pri:0, instance:labourAndSocialAffairs.ValidateTitle@660e9100]" started-at="2021-11-30T11:30:21 EET" name="tearDown" finished-at="2021-11-30T11:30:21 EET" duration-ms="85" status="PASS">
          <reporter-output>
          </reporter-output>
        </test-method> <!-- tearDown -->
      </class> <!-- labourAndSocialAffairs.ValidateTitle -->
    </test> <!-- validatingTitle -->
    <test started-at="2021-11-30T11:30:10 EET" name="ValidatingNavigationBar" finished-at="2021-11-30T11:30:21 EET" duration-ms="10679">
      <class name="labourAndSocialAffairs.ValidateNavigationBar">
        <test-method is-config="true" signature="initialize()[pri:0, instance:labourAndSocialAffairs.ValidateNavigationBar@3670f00]" started-at="2021-11-30T11:30:10 EET" name="initialize" finished-at="2021-11-30T11:30:20 EET" duration-ms="10238" status="PASS">
          <reporter-output>
          </reporter-output>
        </test-method> <!-- initialize -->
        <test-method signature="validateBar()[pri:0, instance:labourAndSocialAffairs.ValidateNavigationBar@3670f00]" started-at="2021-11-30T11:30:20 EET" name="validateBar" finished-at="2021-11-30T11:30:20 EET" duration-ms="37" status="FAIL">
          <exception class="java.lang.AssertionError">
            <message>
              <![CDATA[expected [FEATURED COURSES12] but found [FEATURED COURSES]]]>
            </message>
            <full-stacktrace>
              <![CDATA[java.lang.AssertionError: expected [FEATURED COURSES12] but found [FEATURED COURSES]
at org.testng.Assert.fail(Assert.java:99)
at org.testng.Assert.failNotEquals(Assert.java:1037)
at org.testng.Assert.assertEqualsImpl(Assert.java:140)
at org.testng.Assert.assertEquals(Assert.java:122)
at org.testng.Assert.assertEquals(Assert.java:629)
at org.testng.Assert.assertEquals(Assert.java:639)
at labourAndSocialAffairs.ValidateNavigationBar.validateBar(ValidateNavigationBar.java:34)
at java.base/jdk.internal.reflect.NativeMethodAccessorImpl.invoke0(Native Method)
at java.base/jdk.internal.reflect.NativeMethodAccessorImpl.invoke(NativeMethodAccessorImpl.java:78)
at java.base/jdk.internal.reflect.DelegatingMethodAccessorImpl.invoke(DelegatingMethodAccessorImpl.java:43)
at java.base/java.lang.reflect.Method.invoke(Method.java:567)
at org.testng.internal.MethodInvocationHelper.invokeMethod(MethodInvocationHelper.java:133)
at org.testng.internal.TestInvoker.invokeMethod(TestInvoker.java:598)
at org.testng.internal.TestInvoker.invokeTestMethod(TestInvoker.java:173)
at org.testng.internal.MethodRunner.runInSequence(MethodRunner.java:46)
at org.testng.internal.TestInvoker$MethodInvocationAgent.invoke(TestInvoker.java:824)
at org.testng.internal.TestInvoker.invokeTestMethods(TestInvoker.java:146)
at org.testng.internal.TestMethodWorker.invokeTestMethods(TestMethodWorker.java:146)
at org.testng.internal.TestMethodWorker.run(TestMethodWorker.java:128)
at java.base/java.util.ArrayList.forEach(ArrayList.java:1511)
at org.testng.TestRunner.privateRun(TestRunner.java:794)
at org.testng.TestRunner.run(TestRunner.java:596)
at org.testng.SuiteRunner.runTest(SuiteRunner.java:377)
at org.testng.SuiteRunner.access$000(SuiteRunner.java:28)
at org.testng.SuiteRunner$SuiteWorker.run(SuiteRunner.java:418)
at org.testng.internal.thread.ThreadUtil.lambda$execute$0(ThreadUtil.java:64)
at java.base/java.util.concurrent.FutureTask.run(FutureTask.java:264)
at java.base/java.util.concurrent.ThreadPoolExecutor.runWorker(ThreadPoolExecutor.java:1130)
at java.base/java.util.concurrent.ThreadPoolExecutor$Worker.run(ThreadPoolExecutor.java:630)
at java.base/java.lang.Thread.run(Thread.java:831)
]]>
            </full-stacktrace>
          </exception> <!-- java.lang.AssertionError -->
          <reporter-output>
          </reporter-output>
        </test-method> <!-- validateBar -->
        <test-method is-config="true" signature="tearDown()[pri:0, instance:labourAndSocialAffairs.ValidateNavigationBar@3670f00]" started-at="2021-11-30T11:30:21 EET" name="tearDown" finished-at="2021-11-30T11:30:21 EET" duration-ms="68" status="PASS">
          <reporter-output>
          </reporter-output>
        </test-method> <!-- tearDown -->
      </class> <!-- labourAndSocialAffairs.ValidateNavigationBar -->
    </test> <!-- ValidatingNavigationBar -->
    <test started-at="2021-11-30T11:30:10 EET" name="ValidatingLoginPage" finished-at="2021-11-30T11:30:34 EET" duration-ms="24270">
      <class name="labourAndSocialAffairs.HomePage">
        <test-method is-config="true" signature="initialize()[pri:0, instance:labourAndSocialAffairs.HomePage@127e70c5]" started-at="2021-11-30T11:30:10 EET" name="initialize" finished-at="2021-11-30T11:30:20 EET" duration-ms="9771" status="PASS">
          <reporter-output>
          </reporter-output>
        </test-method> <!-- initialize -->
        <test-method signature="basePageNavigation(java.lang.String,java.lang.String,java.lang.String)[pri:0, instance:labourAndSocialAffairs.HomePage@127e70c5]" started-at="2021-11-30T11:30:20 EET" name="basePageNavigation" data-provider="getData" finished-at="2021-11-30T11:30:24 EET" duration-ms="4003" status="PASS">
          <params>
            <param index="0">
              <value>
                <![CDATA[Abdelhadi.qudah@gmail.com]]>
              </value>
            </param>
            <param index="1">
              <value>
                <![CDATA[1234567]]>
              </value>
            </param>
            <param index="2">
              <value>
                <![CDATA[TEST CASE 1]]>
              </value>
            </param>
          </params>
          <reporter-output>
          </reporter-output>
        </test-method> <!-- basePageNavigation -->
        <test-method is-config="true" signature="tearDown()[pri:0, instance:labourAndSocialAffairs.HomePage@127e70c5]" started-at="2021-11-30T11:30:24 EET" name="tearDown" finished-at="2021-11-30T11:30:24 EET" duration-ms="74" status="PASS">
          <reporter-output>
          </reporter-output>
        </test-method> <!-- tearDown -->
        <test-method is-config="true" signature="initialize()[pri:0, instance:labourAndSocialAffairs.HomePage@127e70c5]" started-at="2021-11-30T11:30:24 EET" name="initialize" finished-at="2021-11-30T11:30:30 EET" duration-ms="6475" status="PASS">
          <reporter-output>
          </reporter-output>
        </test-method> <!-- initialize -->
        <test-method signature="basePageNavigation(java.lang.String,java.lang.String,java.lang.String)[pri:0, instance:labourAndSocialAffairs.HomePage@127e70c5]" started-at="2021-11-30T11:30:30 EET" name="basePageNavigation" data-provider="getData" finished-at="2021-11-30T11:30:34 EET" duration-ms="3819" status="PASS">
          <params>
            <param index="0">
              <value>
                <![CDATA[a.qudah@gmail.com]]>
              </value>
            </param>
            <param index="1">
              <value>
                <![CDATA[1122334455]]>
              </value>
            </param>
            <param index="2">
              <value>
                <![CDATA[TEST CASE 2]]>
              </value>
            </param>
          </params>
          <reporter-output>
          </reporter-output>
        </test-method> <!-- basePageNavigation -->
        <test-method is-config="true" signature="tearDown()[pri:0, instance:labourAndSocialAffairs.HomePage@127e70c5]" started-at="2021-11-30T11:30:34 EET" name="tearDown" finished-at="2021-11-30T11:30:34 EET" duration-ms="91" status="PASS">
          <reporter-output>
          </reporter-output>
        </test-method> <!-- tearDown -->
      </class> <!-- labourAndSocialAffairs.HomePage -->
    </test> <!-- ValidatingLoginPage -->
  </suite> <!-- Suite -->
</testng-results>
